{"timestamp":"2025-04-17T22:17:19.881Z","level":"INFO","source":"popular-flights-api","message":"Popular flights request [48f03504]","details":{"url":"http://localhost:3000/api/popular-flights"}}
{"timestamp":"2025-04-17T22:17:19.886Z","level":"INFO","source":"popular-flights-api","message":"Popular flights retrieved [48f03504]","details":{"resultCount":6}}
{"timestamp":"2025-04-17T22:17:44.774Z","level":"INFO","source":"popular-flights-api","message":"Popular flights request [56142ab0]","details":{"url":"http://localhost:3000/api/popular-flights"}}
{"timestamp":"2025-04-17T22:17:44.777Z","level":"INFO","source":"popular-flights-api","message":"Popular flights retrieved [56142ab0]","details":{"resultCount":6}}
{"timestamp":"2025-04-17T22:17:56.290Z","level":"INFO","source":"flight-search-api","message":"Flight search request [07f66faa]: LHR → GRE","details":null,"params":{"originLocationCode":"LHR","destinationLocationCode":"GRE","departureDate":"2025-04-18","returnDate":"2025-04-25","adults":"1"}}
{"timestamp":"2025-04-17T22:17:56.493Z","level":"ERROR","source":"flight-search-api","message":"Unknown error","details":{"code":"AuthenticationError","fullError":"[object Object]"},"params":{"requestId":"07f66faa","url":"http://localhost:3000/api/flight-search?origin=LHR&destination=GRE&departureDate=2025-04-18&returnDate=2025-04-25&adults=1&children=0"}}
{"timestamp":"2025-04-17T22:17:57.919Z","level":"INFO","source":"popular-flights-api","message":"Popular flights request [deca4096]","details":{"url":"http://localhost:3000/api/popular-flights"}}
{"timestamp":"2025-04-17T22:17:57.923Z","level":"INFO","source":"popular-flights-api","message":"Popular flights retrieved [deca4096]","details":{"resultCount":6}}
{"timestamp":"2025-04-17T22:18:01.774Z","level":"INFO","source":"country-flights-api","message":"Country flights request [27e22454]: GR","details":{"url":"http://localhost:3000/api/country-flights?code=GR"}}
{"timestamp":"2025-04-17T22:18:01.853Z","level":"ERROR","source":"country-flights-api","message":"Unknown error","details":{"code":"AuthenticationError","fullError":"[object Object]"},"params":{"requestId":"27e22454","countryCode":"GR","url":"http://localhost:3000/api/country-flights?code=GR"}}
{"timestamp":"2025-04-17T22:18:07.097Z","level":"INFO","source":"flight-search-api","message":"Flight search request [4562f7c1]: LHR → ATH","details":null,"params":{"originLocationCode":"LHR","destinationLocationCode":"ATH","departureDate":"2025-04-18","returnDate":"2025-04-25","adults":"1"}}
{"timestamp":"2025-04-17T22:18:07.162Z","level":"ERROR","source":"flight-search-api","message":"Unknown error","details":{"code":"AuthenticationError","fullError":"[object Object]"},"params":{"requestId":"4562f7c1","url":"http://localhost:3000/api/flight-search?origin=LHR&destination=ATH&departureDate=2025-04-18&returnDate=2025-04-25&adults=1&children=0"}}
{"timestamp":"2025-04-17T22:20:18.336Z","level":"INFO","source":"popular-flights-api","message":"Popular flights request [f3448f6a]","details":{"url":"http://localhost:3000/api/popular-flights"}}
{"timestamp":"2025-04-17T22:20:18.358Z","level":"INFO","source":"popular-flights-api","message":"Popular flights retrieved [f3448f6a]","details":{"resultCount":6}}
{"timestamp":"2025-04-17T22:20:28.840Z","level":"INFO","source":"flight-search-api","message":"Flight search request [1c7adab0]: LHR → CDG","details":null,"params":{"originLocationCode":"LHR","destinationLocationCode":"CDG","departureDate":"2025-04-18","returnDate":"2025-04-25","adults":"1"}}
{"timestamp":"2025-04-17T22:20:29.110Z","level":"ERROR","source":"flight-search-api","message":"Unknown error","details":{"code":"AuthenticationError","fullError":"[object Object]"},"params":{"requestId":"1c7adab0","url":"http://localhost:3000/api/flight-search?origin=LHR&destination=CDG&departureDate=2025-04-18&returnDate=2025-04-25&adults=1&children=0"}}
{"timestamp":"2025-04-17T22:20:30.682Z","level":"INFO","source":"popular-flights-api","message":"Popular flights request [74c8237c]","details":{"url":"http://localhost:3000/api/popular-flights"}}
{"timestamp":"2025-04-17T22:20:30.686Z","level":"INFO","source":"popular-flights-api","message":"Popular flights retrieved [74c8237c]","details":{"resultCount":6}}
{"timestamp":"2025-04-17T22:26:06.051Z","level":"INFO","source":"popular-flights-api","message":"Popular flights request [553301af]","details":{"url":"http://localhost:3000/api/popular-flights"}}
{"timestamp":"2025-04-17T22:26:06.053Z","level":"INFO","source":"popular-flights-api","message":"Popular flights retrieved [553301af]","details":{"resultCount":6}}
{"timestamp":"2025-04-17T22:26:12.780Z","level":"INFO","source":"flight-search-api","message":"Flight search request [d06d0bf6]: LHR → FRA","details":null,"params":{"originLocationCode":"LHR","destinationLocationCode":"FRA","departureDate":"2025-04-18","returnDate":"2025-04-25","adults":"1"}}
{"timestamp":"2025-04-17T22:26:12.912Z","level":"INFO","source":"flight-search-api","message":"Search completed [d06d0bf6]: Found 5 flights","details":{"resultCount":5}}
{"timestamp":"2025-04-17T22:29:51.376Z","level":"INFO","source":"flight-search-api","message":"Flight search request [02703f95]: LHR → FRA","details":null,"params":{"originLocationCode":"LHR","destinationLocationCode":"FRA","departureDate":"2025-04-18","returnDate":"2025-04-25","adults":"1"}}
{"timestamp":"2025-04-17T22:29:51.378Z","level":"INFO","source":"flight-search-api","message":"Search completed [02703f95]: Found 5 flights","details":{"resultCount":5}}
{"timestamp":"2025-04-17T22:36:09.695Z","level":"INFO","source":"flight-search-api","message":"Flight search request [c4f1c4c8]: LHR → FRA","details":null,"params":{"originLocationCode":"LHR","destinationLocationCode":"FRA","departureDate":"2025-04-18","returnDate":"2025-04-25","adults":"1"}}
{"timestamp":"2025-04-17T22:36:09.697Z","level":"INFO","source":"flight-search-api","message":"Search completed [c4f1c4c8]: Found 5 flights","details":{"resultCount":5}}
{"timestamp":"2025-04-17T22:38:45.110Z","level":"INFO","source":"flight-search-api","message":"Flight search request [7754d932]: LHR → FRA","details":null,"params":{"originLocationCode":"LHR","destinationLocationCode":"FRA","departureDate":"2025-04-18","returnDate":"2025-04-25","adults":"1"}}
{"timestamp":"2025-04-17T22:38:45.112Z","level":"INFO","source":"flight-search-api","message":"Search completed [7754d932]: Found 5 flights","details":{"resultCount":5}}
{"timestamp":"2025-04-17T22:57:14.349Z","level":"INFO","source":"popular-flights-api","message":"Popular flights request [80184467]","details":{"url":"http://localhost:3000/api/popular-flights"}}
{"timestamp":"2025-04-17T22:57:14.355Z","level":"INFO","source":"popular-flights-api","message":"Popular flights retrieved [80184467]","details":{"resultCount":6}}
{"timestamp":"2025-04-17T22:57:43.973Z","level":"INFO","source":"popular-flights-api","message":"Popular flights request [8df7d3fe]","details":{"url":"http://localhost:3000/api/popular-flights"}}
{"timestamp":"2025-04-17T22:57:43.980Z","level":"INFO","source":"popular-flights-api","message":"Popular flights retrieved [8df7d3fe]","details":{"resultCount":6}}
{"timestamp":"2025-04-17T22:57:54.625Z","level":"INFO","source":"country-flights-api","message":"Country flights request [7ef12813]: FR","details":{"url":"http://localhost:3000/api/country-flights?code=FR"}}
{"timestamp":"2025-04-17T22:57:54.771Z","level":"INFO","source":"country-flights-api","message":"Country flights retrieved [7ef12813]: FR","details":{"resultCount":5}}
{"timestamp":"2025-04-17T22:59:58.883Z","level":"INFO","source":"popular-flights-api","message":"Popular flights request [b6e9866e]","details":{"url":"http://localhost:3000/api/popular-flights"}}
{"timestamp":"2025-04-17T22:59:58.886Z","level":"INFO","source":"popular-flights-api","message":"Popular flights retrieved [b6e9866e]","details":{"resultCount":6}}
{"timestamp":"2025-05-08T13:29:40.854Z","level":"INFO","source":"popular-flights-api","message":"Popular flights request [834ab663]","details":{"url":"http://localhost:3000/api/popular-flights"}}
{"timestamp":"2025-05-08T13:29:41.174Z","level":"ERROR","source":"popular-flights-api","message":"Unknown error","details":{"code":"AuthenticationError","fullError":"[object Object]"},"params":{"requestId":"834ab663","url":"http://localhost:3000/api/popular-flights"}}
{"timestamp":"2025-05-08T13:32:06.526Z","level":"INFO","source":"popular-flights-api","message":"Popular flights request [98156ee3]","details":{"url":"http://localhost:3000/api/popular-flights"}}
{"timestamp":"2025-05-08T13:32:06.660Z","level":"ERROR","source":"popular-flights-api","message":"Failed to fetch popular flights: Unknown error occurred","details":{"code":"UNKNOWN","fullError":"Error: Failed to fetch popular flights: Unknown error occurred"},"params":{"requestId":"98156ee3","url":"http://localhost:3000/api/popular-flights"}}
{"timestamp":"2025-05-08T13:32:06.660Z","level":"ERROR","source":"popular-flights-api","message":"Error retrieving popular flights [98156ee3]","details":{"error":{"status":500,"error":"Failed to fetch popular flights: Unknown error occurred","details":{"code":"UNKNOWN","timestamp":"2025-05-08T13:32:06.660Z"}}}}
{"timestamp":"2025-05-08T13:42:53.763Z","level":"INFO","source":"test-amadeus-credentials","message":"Testing Amadeus credentials [ff71a5c7]","details":{"url":"http://localhost:3000/api/test-amadeus"}}
{"timestamp":"2025-05-08T13:42:53.766Z","level":"DEBUG","source":"test-amadeus-credentials","message":"Amadeus credential info [ff71a5c7]","details":{"clientIdPresent":true,"clientIdFirstChars":"wkVe...","clientIdLength":32,"clientSecretPresent":true,"clientSecretFirstChars":"bTlF...","clientSecretLength":16}}
{"timestamp":"2025-05-08T13:42:53.767Z","level":"INFO","source":"test-amadeus-credentials","message":"Making test API call [ff71a5c7]"}
{"timestamp":"2025-05-08T13:42:54.060Z","level":"ERROR","source":"test-amadeus-credentials","message":"API credential test failed [ff71a5c7]","details":{"errorMessage":"[object Object]","errorName":"Unknown","errorStack":null,"responseData":null}}
{"timestamp":"2025-05-08T13:50:19.951Z","level":"INFO","source":"popular-flights-api","message":"Popular flights request [3ac71205]","details":{"url":"http://localhost:3000/api/popular-flights"}}
{"timestamp":"2025-05-08T13:50:20.386Z","level":"INFO","source":"popular-flights-api","message":"Popular flights retrieved [3ac71205]","details":{"resultCount":6,"isStaticData":true,"source":"static-fallback"}}
{"timestamp":"2025-05-08T13:55:43.824Z","level":"INFO","source":"popular-flights-api","message":"Popular flights request [989b988f]","details":{"url":"http://localhost:3000/api/popular-flights"}}
{"timestamp":"2025-05-08T13:55:47.683Z","level":"INFO","source":"popular-flights-api","message":"Popular flights retrieved [989b988f]","details":{"resultCount":6,"isStaticData":false,"source":"amadeus-api"}}
{"timestamp":"2025-05-08T13:57:09.162Z","level":"WARNING","source":"popular-flights-api","message":"Rate limit exceeded [f15b79da]: Hourly API limit reached","details":{"reason":"Hourly API limit reached"}}
{"timestamp":"2025-05-08T14:02:26.772Z","level":"INFO","source":"popular-flights-api","message":"Popular flights request [7e2ea95d]","details":{"url":"http://localhost:3000/api/popular-flights"}}
{"timestamp":"2025-05-08T14:02:26.775Z","level":"INFO","source":"popular-flights-api","message":"Popular flights retrieved [7e2ea95d]","details":{"resultCount":6,"isStaticData":false,"source":"amadeus-api"}}
{"timestamp":"2025-05-08T19:03:47.156Z","level":"INFO","source":"popular-flights-api","message":"Popular flights request [ac206adf]","details":{"url":"http://localhost:3000/api/popular-flights"}}
{"timestamp":"2025-05-08T19:03:51.580Z","level":"INFO","source":"popular-flights-api","message":"Popular flights retrieved [ac206adf]","details":{"resultCount":6,"isStaticData":false,"source":"amadeus-api"}}
{"timestamp":"2025-05-08T19:03:59.978Z","level":"INFO","source":"country-flights-api","message":"Country flights request [eb71fdc2]: FR","details":{"url":"http://localhost:3000/api/country-flights?code=FR"}}
{"timestamp":"2025-05-08T19:04:00.410Z","level":"INFO","source":"country-flights-api","message":"Country flights retrieved [eb71fdc2]: FR","details":{"resultCount":5}}
{"timestamp":"2025-05-08T19:04:17.576Z","level":"INFO","source":"popular-flights-api","message":"Popular flights request [c801f616]","details":{"url":"http://localhost:3000/api/popular-flights"}}
{"timestamp":"2025-05-08T19:04:17.579Z","level":"INFO","source":"popular-flights-api","message":"Popular flights retrieved [c801f616]","details":{"resultCount":6,"isStaticData":false,"source":"amadeus-api"}}
{"timestamp":"2025-05-08T19:04:28.524Z","level":"INFO","source":"country-flights-api","message":"Country flights request [b6822d86]: IT","details":{"url":"http://localhost:3000/api/country-flights?code=IT"}}
{"timestamp":"2025-05-08T19:04:29.004Z","level":"INFO","source":"country-flights-api","message":"Country flights retrieved [b6822d86]: IT","details":{"resultCount":5}}
{"timestamp":"2025-05-08T19:04:42.759Z","level":"INFO","source":"country-flights-api","message":"Country flights request [0ee04957]: ES","details":{"url":"http://localhost:3000/api/country-flights?code=ES"}}
{"timestamp":"2025-05-08T19:04:43.082Z","level":"INFO","source":"country-flights-api","message":"Country flights retrieved [0ee04957]: ES","details":{"resultCount":5}}
{"timestamp":"2025-05-08T19:04:58.267Z","level":"INFO","source":"country-flights-api","message":"Country flights request [8ba1f3f4]: GR","details":{"url":"http://localhost:3000/api/country-flights?code=GR"}}
{"timestamp":"2025-05-08T19:04:58.642Z","level":"INFO","source":"country-flights-api","message":"Country flights retrieved [8ba1f3f4]: GR","details":{"resultCount":5}}
{"timestamp":"2025-05-08T19:13:45.858Z","level":"INFO","source":"popular-flights-api","message":"Popular flights request [cce6cd3a]","details":{"url":"http://localhost:3000/api/popular-flights"}}
{"timestamp":"2025-05-08T19:13:45.869Z","level":"INFO","source":"popular-flights-api","message":"Popular flights retrieved [cce6cd3a]","details":{"resultCount":6,"isStaticData":false,"source":"amadeus-api"}}
{"timestamp":"2025-05-08T19:14:04.780Z","level":"INFO","source":"country-flights-api","message":"Country flights request [3bb8c802]: GR","details":{"url":"http://localhost:3000/api/country-flights?code=GR"}}
{"timestamp":"2025-05-08T19:14:04.791Z","level":"INFO","source":"country-flights-api","message":"Country flights retrieved [3bb8c802]: GR","details":{"resultCount":5}}
{"timestamp":"2025-05-08T19:14:19.093Z","level":"INFO","source":"country-flights-api","message":"Country flights request [5656c79e]: FR","details":{"url":"http://localhost:3000/api/country-flights?code=FR"}}
{"timestamp":"2025-05-08T19:14:19.095Z","level":"INFO","source":"country-flights-api","message":"Country flights retrieved [5656c79e]: FR","details":{"resultCount":5}}
{"timestamp":"2025-05-08T19:14:37.981Z","level":"INFO","source":"flight-search-api","message":"Flight search request [37cb9993]: LHR → TLS","details":null,"params":{"originLocationCode":"LHR","destinationLocationCode":"TLS","departureDate":"2025-05-09","returnDate":"2025-05-16","adults":"1"}}
{"timestamp":"2025-05-08T19:14:41.402Z","level":"INFO","source":"flight-search-api","message":"Search completed [37cb9993]: Found 15 flights","details":{"resultCount":15}}
{"timestamp":"2025-05-08T19:14:56.522Z","level":"INFO","source":"flight-details-api","message":"Flight details request [ef2a7be6]: 10","details":{"url":"http://localhost:3000/api/flights/10"}}
{"timestamp":"2025-05-08T19:15:04.797Z","level":"INFO","source":"flight-search-api","message":"Flight search request [618d943c]: LHR → TLS","details":null,"params":{"originLocationCode":"LHR","destinationLocationCode":"TLS","departureDate":"2025-05-09","returnDate":"2025-05-16","adults":"1"}}
{"timestamp":"2025-05-08T19:15:04.811Z","level":"INFO","source":"flight-search-api","message":"Search completed [618d943c]: Found 15 flights","details":{"resultCount":15}}
{"timestamp":"2025-05-08T19:15:16.766Z","level":"INFO","source":"country-flights-api","message":"Country flights request [24ed9ff6]: FR","details":{"url":"http://localhost:3000/api/country-flights?code=FR"}}
{"timestamp":"2025-05-08T19:15:16.771Z","level":"INFO","source":"country-flights-api","message":"Country flights retrieved [24ed9ff6]: FR","details":{"resultCount":5}}
{"timestamp":"2025-05-08T19:20:39.210Z","level":"INFO","source":"country-flights-api","message":"Country flights request [250784e7]: FR","details":{"url":"http://localhost:3000/api/country-flights?code=FR"}}
{"timestamp":"2025-05-08T19:20:39.212Z","level":"INFO","source":"country-flights-api","message":"Country flights retrieved [250784e7]: FR","details":{"resultCount":5}}
{"timestamp":"2025-05-08T19:21:08.433Z","level":"INFO","source":"country-flights-api","message":"Country flights request [647bbc47]: FR","details":{"url":"http://localhost:3000/api/country-flights?code=FR"}}
{"timestamp":"2025-05-08T19:21:08.433Z","level":"INFO","source":"country-flights-api","message":"Country flights retrieved [647bbc47]: FR","details":{"resultCount":5}}
{"timestamp":"2025-05-08T19:38:06.981Z","level":"INFO","source":"popular-flights-api","message":"Popular flights request [1c56b7aa]","details":{"url":"http://localhost:3000/api/popular-flights"}}
{"timestamp":"2025-05-08T19:38:06.983Z","level":"INFO","source":"popular-flights-api","message":"Popular flights retrieved [1c56b7aa]","details":{"resultCount":6,"isStaticData":false,"source":"amadeus-api"}}
{"timestamp":"2025-05-08T19:38:11.976Z","level":"INFO","source":"country-flights-api","message":"Country flights request [f1d0fdda]: FR","details":{"url":"http://localhost:3000/api/country-flights?code=FR"}}
{"timestamp":"2025-05-08T19:38:12.399Z","level":"INFO","source":"country-flights-api","message":"Country flights retrieved [f1d0fdda]: FR","details":{"resultCount":10}}
{"timestamp":"2025-05-08T19:38:38.769Z","level":"INFO","source":"country-flights-api","message":"Country flights request [79d1ed79]: IT","details":{"url":"http://localhost:3000/api/country-flights?code=IT"}}
{"timestamp":"2025-05-08T19:38:39.193Z","level":"INFO","source":"country-flights-api","message":"Country flights retrieved [79d1ed79]: IT","details":{"resultCount":10}}
{"timestamp":"2025-05-08T19:39:00.340Z","level":"INFO","source":"country-flights-api","message":"Country flights request [3be12fe2]: GR","details":{"url":"http://localhost:3000/api/country-flights?code=GR"}}
{"timestamp":"2025-05-08T19:39:01.162Z","level":"INFO","source":"country-flights-api","message":"Country flights retrieved [3be12fe2]: GR","details":{"resultCount":10}}
{"timestamp":"2025-05-08T19:39:10.026Z","level":"INFO","source":"popular-flights-api","message":"Popular flights request [86ed2756]","details":{"url":"http://localhost:3000/api/popular-flights"}}
{"timestamp":"2025-05-08T19:39:10.069Z","level":"INFO","source":"popular-flights-api","message":"Popular flights retrieved [86ed2756]","details":{"resultCount":6,"isStaticData":false,"source":"amadeus-api"}}
{"timestamp":"2025-05-08T19:39:21.868Z","level":"INFO","source":"flight-search-api","message":"Flight search request [7653a8b3]: MAN → CDG","details":null,"params":{"originLocationCode":"MAN","destinationLocationCode":"CDG","departureDate":"2025-05-09","returnDate":"2025-05-16","adults":"1"}}
{"timestamp":"2025-05-08T19:39:24.956Z","level":"INFO","source":"flight-search-api","message":"Search completed [7653a8b3]: Found 15 flights","details":{"resultCount":15}}
{"timestamp":"2025-05-08T19:52:05.344Z","level":"INFO","source":"country-flights-api","message":"Country flights request [3601ac28]: ES","details":{"url":"http://localhost:3000/api/country-flights?code=ES"}}
{"timestamp":"2025-05-08T19:52:05.820Z","level":"INFO","source":"country-flights-api","message":"Country flights retrieved [3601ac28]: ES","details":{"resultCount":10}}
{"timestamp":"2025-05-08T19:56:01.203Z","level":"INFO","source":"popular-flights-api","message":"Popular flights request [e6280539]","details":{"url":"http://localhost:3000/api/popular-flights"}}
{"timestamp":"2025-05-08T19:56:01.205Z","level":"INFO","source":"popular-flights-api","message":"Popular flights retrieved [e6280539]","details":{"resultCount":6,"isStaticData":false,"source":"amadeus-api"}}
{"timestamp":"2025-05-08T20:00:03.364Z","level":"INFO","source":"popular-flights-api","message":"Popular flights request [e003c48e]","details":{"url":"http://localhost:3000/api/popular-flights"}}
{"timestamp":"2025-05-08T20:00:03.366Z","level":"INFO","source":"popular-flights-api","message":"Popular flights retrieved [e003c48e]","details":{"resultCount":6,"isStaticData":false,"source":"amadeus-api"}}
{"timestamp":"2025-05-08T20:00:03.369Z","level":"INFO","source":"popular-flights-api","message":"Popular flights request [2f6fb9b8]","details":{"url":"http://localhost:3000/api/popular-flights"}}
{"timestamp":"2025-05-08T20:00:03.370Z","level":"INFO","source":"popular-flights-api","message":"Popular flights retrieved [2f6fb9b8]","details":{"resultCount":6,"isStaticData":false,"source":"amadeus-api"}}
{"timestamp":"2025-05-08T20:01:35.150Z","level":"INFO","source":"popular-flights-api","message":"Popular flights request [d2ab60e8]","details":{"url":"http://localhost:3000/api/popular-flights"}}
{"timestamp":"2025-05-08T20:01:35.152Z","level":"INFO","source":"popular-flights-api","message":"Popular flights retrieved [d2ab60e8]","details":{"resultCount":6,"isStaticData":false,"source":"amadeus-api"}}
{"timestamp":"2025-05-08T20:09:26.018Z","level":"INFO","source":"popular-flights-api","message":"Popular flights request [eb31d554]","details":{"url":"http://localhost:3000/api/popular-flights"}}
{"timestamp":"2025-05-08T20:09:31.760Z","level":"INFO","source":"popular-flights-api","message":"Popular flights retrieved [eb31d554]","details":{"resultCount":18,"isStaticData":false,"source":"amadeus-api"}}
{"timestamp":"2025-05-08T20:09:32.999Z","level":"INFO","source":"popular-flights-api","message":"Popular flights request [219754cc]","details":{"url":"http://localhost:3000/api/popular-flights"}}
{"timestamp":"2025-05-08T20:09:33.000Z","level":"INFO","source":"popular-flights-api","message":"Popular flights retrieved [219754cc]","details":{"resultCount":18,"isStaticData":false,"source":"amadeus-api"}}
{"timestamp":"2025-05-08T20:09:37.748Z","level":"INFO","source":"country-flights-api","message":"Country flights request [a1237a48]: ES","details":{"url":"http://localhost:3000/api/country-flights?code=ES"}}
{"timestamp":"2025-05-08T20:09:37.749Z","level":"INFO","source":"country-flights-api","message":"Country flights retrieved [a1237a48]: ES","details":{"resultCount":10}}
{"timestamp":"2025-05-08T20:09:40.724Z","level":"INFO","source":"country-flights-api","message":"Country flights request [3371b963]: FR","details":{"url":"http://localhost:3000/api/country-flights?code=FR"}}
{"timestamp":"2025-05-08T20:09:40.727Z","level":"INFO","source":"country-flights-api","message":"Country flights retrieved [3371b963]: FR","details":{"resultCount":10}}
{"timestamp":"2025-05-08T20:09:51.791Z","level":"INFO","source":"flight-search-api","message":"Flight search request [456c4aa8]: LHR → LYS","details":null,"params":{"originLocationCode":"LHR","destinationLocationCode":"LYS","departureDate":"2025-05-09","returnDate":"2025-05-16","adults":"1"}}
{"timestamp":"2025-05-08T20:09:56.246Z","level":"INFO","source":"flight-search-api","message":"Search completed [456c4aa8]: Found 15 flights","details":{"resultCount":15}}
